<?xml version="1.0" encoding="UTF-8"?>
<testng-results ignored="0" total="2" passed="2" failed="0" skipped="0">
  <reporter-output>
  </reporter-output>
  <suite started-at="2024-08-03T11:51:56 IST" name="Suite" finished-at="2024-08-03T11:52:10 IST" duration-ms="14397">
    <groups>
      <group name="Master">
        <method signature="TC001_AccountRegistrationTest.verify_account_registration()[pri:0, instance:testCase.TC001_AccountRegistrationTest@63648ee9]" name="verify_account_registration" class="testCase.TC001_AccountRegistrationTest"/>
        <method signature="TC002_AccountLoginTest.verifyLogin()[pri:0, instance:testCase.TC002_AccountLoginTest@5b58ed3c]" name="verifyLogin" class="testCase.TC002_AccountLoginTest"/>
      </group> <!-- Master -->
      <group name="Sanity">
        <method signature="TC002_AccountLoginTest.verifyLogin()[pri:0, instance:testCase.TC002_AccountLoginTest@5b58ed3c]" name="verifyLogin" class="testCase.TC002_AccountLoginTest"/>
      </group> <!-- Sanity -->
      <group name="Regression">
        <method signature="TC001_AccountRegistrationTest.verify_account_registration()[pri:0, instance:testCase.TC001_AccountRegistrationTest@63648ee9]" name="verify_account_registration" class="testCase.TC001_AccountRegistrationTest"/>
      </group> <!-- Regression -->
    </groups>
    <test started-at="2024-08-03T11:51:56 IST" name="Test" finished-at="2024-08-03T11:52:10 IST" duration-ms="14397">
      <class name="testCase.TC002_AccountLoginTest">
        <test-method is-config="true" signature="setup(java.lang.String,java.lang.String)[pri:0, instance:testCase.TC002_AccountLoginTest@5b58ed3c]" started-at="2024-08-03T11:52:05 IST" name="setup" finished-at="2024-08-03T11:52:09 IST" duration-ms="3105" status="PASS">
          <params>
            <param index="0">
              <value>
                <![CDATA[chrome]]>
              </value>
            </param>
            <param index="1">
              <value>
                <![CDATA[windows]]>
              </value>
            </param>
          </params>
          <reporter-output>
          </reporter-output>
        </test-method> <!-- setup -->
        <test-method signature="verifyLogin()[pri:0, instance:testCase.TC002_AccountLoginTest@5b58ed3c]" started-at="2024-08-03T11:52:09 IST" name="verifyLogin" finished-at="2024-08-03T11:52:10 IST" duration-ms="1198" status="PASS">
          <reporter-output>
          </reporter-output>
        </test-method> <!-- verifyLogin -->
        <test-method is-config="true" signature="tearDown()[pri:0, instance:testCase.TC002_AccountLoginTest@5b58ed3c]" started-at="2024-08-03T11:52:10 IST" name="tearDown" finished-at="2024-08-03T11:52:10 IST" duration-ms="279" status="PASS">
          <reporter-output>
          </reporter-output>
        </test-method> <!-- tearDown -->
      </class> <!-- testCase.TC002_AccountLoginTest -->
      <class name="testCase.TC001_AccountRegistrationTest">
        <test-method is-config="true" signature="setup(java.lang.String,java.lang.String)[pri:0, instance:testCase.TC001_AccountRegistrationTest@63648ee9]" started-at="2024-08-03T11:51:56 IST" name="setup" finished-at="2024-08-03T11:52:03 IST" duration-ms="6930" status="PASS">
          <params>
            <param index="0">
              <value>
                <![CDATA[chrome]]>
              </value>
            </param>
            <param index="1">
              <value>
                <![CDATA[windows]]>
              </value>
            </param>
          </params>
          <reporter-output>
          </reporter-output>
        </test-method> <!-- setup -->
        <test-method signature="verify_account_registration()[pri:0, instance:testCase.TC001_AccountRegistrationTest@63648ee9]" started-at="2024-08-03T11:52:03 IST" name="verify_account_registration" finished-at="2024-08-03T11:52:05 IST" duration-ms="2576" status="PASS">
          <reporter-output>
          </reporter-output>
        </test-method> <!-- verify_account_registration -->
        <test-method is-config="true" signature="tearDown()[pri:0, instance:testCase.TC001_AccountRegistrationTest@63648ee9]" started-at="2024-08-03T11:52:05 IST" name="tearDown" finished-at="2024-08-03T11:52:05 IST" duration-ms="258" status="PASS">
          <reporter-output>
          </reporter-output>
        </test-method> <!-- tearDown -->
      </class> <!-- testCase.TC001_AccountRegistrationTest -->
    </test> <!-- Test -->
  </suite> <!-- Suite -->
</testng-results>
